********************************************************************************
DUPLICATOR-LITE PACKAGE-LOG: October 6, 2021 9:17 am
NOTICE: Do NOT post to public sites or forums 
********************************************************************************
VERSION:	1.4.3
WORDPRESS:	5.8.1
PHP INFO:	7.4.23 | SAPI: cgi-fcgi
SERVER:		Apache 
PHP TIME LIMIT: (0) no time limit imposed 
PHP MAX MEMORY: 4294967296 (256M default) 
MEMORY STACK: 38.5MB

********************************************************************************
DATABASE:
********************************************************************************
BUILD MODE:   MYSQLDUMP
MYSQLTIMEOUT: 5000
MYSQLDUMP:    Is Supported
SQL CREATED: 2021_10_4_Skyhook_Bkup_By_Salman_23f9fe6bfa14a5827739_20211006091651_database.sql
SQL FILE SIZE: 1.66MB (1743809)
SQL FILE TIME: 2021-10-06 09:17:16
SQL RUNTIME: 0.14 sec.

********************************************************************************
ARCHIVE (ZIP):
********************************************************************************
ARCHIVE DIR:  /home2/techno8/public_html/devp/wp-skyhook
ARCHIVE FILE: 2021_10_4_Skyhook_Bkup_By_Salman_23f9fe6bfa14a5827739_20211006091651_archive.zip
FILTERS: *OFF*
DIRS:
	not set
FILES:
	not set
EXTS:  zip;rar;tar;gz;bz2;7z;
----------------------------------------
COMPRESSING
SIZE:	153.41MB
STATS:	Dirs 742 | Files 4,448
SQL ADDED: 2021_10_4_Skyhook_Bkup_By_Salman_23f9fe6bfa14a5827739_20211006091651_database.sql
ZipArchive Object
(
    [status] => 0
    [statusSys] => 0
    [numFiles] => 5190
    [filename] => /home2/techno8/public_html/devp/wp-skyhook/wp-content/backups-dup-lite/tmp/2021_10_4_Skyhook_Bkup_By_Salman_23f9fe6bfa14a5827739_20211006091651_archive.zip
    [comment] => 
)

FILE ADDED TO ZIP: 5189
[PHP ERR][NOTICE] MSG:ob_flush(): failed to flush buffer. No buffer to flush [CODE:8|FILE:/home2/techno8/public_html/devp/wp-skyhook/wp-content/plugins/duplicator/classes/utilities/class.u.php|LINE:171]
do_action('wp_ajax_duplicator_package_build'), WP_Hook->do_action, WP_Hook->apply_filters, duplicator_package_build, DUP_Package->runZipBuild, DUP_Archive->build, DUP_Zip::create, DUP_Util::fcgiFlush, ob_flush, DUP_Handler::error, DUP_Handler::getMessage
COMPRESSION RESULT: '1'
COMPRESSED SIZE: 99.19MB
ARCHIVE RUNTIME: 10.96 sec.
MEMORY STACK: 40.5MB
building installer
add_extra_files1
add_extra_files2
add_extra_files3
add_extra_files4
Doing archive file check
add_extra_files5
add_extra_files6
add_extra_files8
Successfully opened zip /home2/techno8/public_html/devp/wp-skyhook/wp-content/backups-dup-lite/tmp/2021_10_4_Skyhook_Bkup_By_Salman_23f9fe6bfa14a5827739_20211006091651_archive.zip
Adding enhanced installer files to archive using ZipArchive
Installer files added to archive
Added to archive
After ziparchive close when adding installer

********************************************************************************
INTEGRITY CHECKS:
********************************************************************************
SQL FILE: 1.66MB
INSTALLER FILE: 64.27KB
ARCHIVE FILE: 100.2MB 
EXPECTED FILE/DIRECTORY COUNT: 5,190
ACTUAL FILE/DIRECTORY COUNT: 5,189
ARCHIVE CONSISTENCY TEST: Pass

********************************************************************************
RECORD ID:[26]
TOTAL PROCESS RUNTIME: 11.73 sec.
PEAK PHP MEMORY USED: 42.5MB
DONE PROCESSING => 2021_10_4_Skyhook_Bkup_By_Salman October 6, 2021 9:17 am

